c:\users\benoit\documents\visual studio 2013\projects\sdl\sdl\debug\vc120.pdb
c:\users\benoit\documents\visual studio 2013\projects\sdl\sdl\debug\vc120.idb
c:\users\benoit\documents\visual studio 2013\projects\sdl\sdl\debug\drawmap.obj
c:\users\benoit\documents\visual studio 2013\projects\sdl\sdl\debug\event.obj
c:\users\benoit\documents\visual studio 2013\projects\sdl\sdl\debug\hero.obj
c:\users\benoit\documents\visual studio 2013\projects\sdl\sdl\debug\main.obj
c:\users\benoit\documents\visual studio 2013\projects\sdl\sdl\debug\map.obj
c:\users\benoit\documents\visual studio 2013\projects\sdl\sdl\debug\transitions.obj
c:\users\benoit\documents\visual studio 2013\projects\sdl\debug\sdl.pdb
c:\users\benoit\documents\visual studio 2013\projects\sdl\sdl\debug\sdl.tlog\cl.command.1.tlog
c:\users\benoit\documents\visual studio 2013\projects\sdl\sdl\debug\sdl.tlog\cl.read.1.tlog
c:\users\benoit\documents\visual studio 2013\projects\sdl\sdl\debug\sdl.tlog\cl.write.1.tlog
c:\users\benoit\documents\visual studio 2013\projects\sdl\sdl\debug\sdl.tlog\link-cvtres.read.1.tlog
c:\users\benoit\documents\visual studio 2013\projects\sdl\sdl\debug\sdl.tlog\link-cvtres.write.1.tlog
c:\users\benoit\documents\visual studio 2013\projects\sdl\sdl\debug\sdl.tlog\link-rc.read.1.tlog
c:\users\benoit\documents\visual studio 2013\projects\sdl\sdl\debug\sdl.tlog\link-rc.write.1.tlog
c:\users\benoit\documents\visual studio 2013\projects\sdl\sdl\debug\sdl.tlog\link.8640-cvtres.read.1.tlog
c:\users\benoit\documents\visual studio 2013\projects\sdl\sdl\debug\sdl.tlog\link.8640-cvtres.write.1.tlog
c:\users\benoit\documents\visual studio 2013\projects\sdl\sdl\debug\sdl.tlog\link.8640-rc.read.1.tlog
c:\users\benoit\documents\visual studio 2013\projects\sdl\sdl\debug\sdl.tlog\link.8640-rc.write.1.tlog
c:\users\benoit\documents\visual studio 2013\projects\sdl\sdl\debug\sdl.tlog\link.8640.read.1.tlog
c:\users\benoit\documents\visual studio 2013\projects\sdl\sdl\debug\sdl.tlog\link.8640.write.1.tlog
c:\users\benoit\documents\visual studio 2013\projects\sdl\sdl\debug\sdl.tlog\link.command.1.tlog
c:\users\benoit\documents\visual studio 2013\projects\sdl\sdl\debug\sdl.tlog\link.read.1.tlog
c:\users\benoit\documents\visual studio 2013\projects\sdl\sdl\debug\sdl.tlog\link.write.1.tlog
